This is pdfTeX, Version 3.14159265-2.6-1.40.19 (TeX Live 2018/Arch Linux) (preloaded format=pdflatex 2019.4.5)  10 APR 2019 22:08
entering extended mode
 restricted \write18 enabled.
 %&-line parsing enabled.
**main.tex
(./main.tex
LaTeX2e <2018-12-01>
(/usr/share/texmf-dist/tex/latex/extsizes/extreport.cls
Document Class: extreport 1996/10/08 v1.0 Non Standard LaTeX document class
(/usr/share/texmf-dist/tex/latex/extsizes/size14.clo
File: size14.clo 1999/11/11 v1.4a NON-Standard LaTeX file (size option)
)
(/usr/share/texmf-dist/tex/latex/base/exscale.sty
Package: exscale 2018/09/24 v2.1i Standard LaTeX package exscale
LaTeX Font Info:    Redeclaring symbol font `largesymbols' on input line 57.
LaTeX Font Info:    Overwriting symbol font `largesymbols' in version `normal'
(Font)                  OMX/cmex/m/n --> OMX/cmex/m/n on input line 57.
LaTeX Font Info:    Overwriting symbol font `largesymbols' in version `bold'
(Font)                  OMX/cmex/m/n --> OMX/cmex/m/n on input line 57.
\big@size=\dimen102
)
\c@part=\count80
\c@chapter=\count81
\c@section=\count82
\c@subsection=\count83
\c@subsubsection=\count84
\c@paragraph=\count85
\c@subparagraph=\count86
\c@figure=\count87
\c@table=\count88
\abovecaptionskip=\skip41
\belowcaptionskip=\skip42
\bibindent=\dimen103
)
(/usr/share/texmf-dist/tex/latex/base/inputenc.sty
Package: inputenc 2018/08/11 v1.3c Input encoding file
\inpenc@prehook=\toks14
\inpenc@posthook=\toks15
)
(/usr/share/texmf-dist/tex/latex/psnfss/times.sty
Package: times 2005/04/12 PSNFSS-v9.2a (SPQR) 
)
(/usr/share/texmf-dist/tex/latex/base/fontenc.sty
Package: fontenc 2018/08/11 v2.0j Standard LaTeX package

(/usr/share/texmf-dist/tex/latex/vntex/t5enc.def
File: t5enc.def 2006/11/21 v1.4 Vietnamese T5 encoding
Now handling font encoding T5 ...
... processing UTF-8 mapping file for font encoding T5

(/usr/share/texmf-dist/tex/latex/vntex/t5enc.dfu
File: t5enc.dfu 2006/08/19 v1.1 UTF8 support for Vietnamese
   defining Unicode char U+00AB (decimal 171)
   defining Unicode char U+00BB (decimal 187)
   defining Unicode char U+00C0 (decimal 192)
   defining Unicode char U+00C1 (decimal 193)
   defining Unicode char U+00C2 (decimal 194)
   defining Unicode char U+00C3 (decimal 195)
   defining Unicode char U+00C8 (decimal 200)
   defining Unicode char U+00C9 (decimal 201)
   defining Unicode char U+00CA (decimal 202)
   defining Unicode char U+00CC (decimal 204)
   defining Unicode char U+00CD (decimal 205)
   defining Unicode char U+00D2 (decimal 210)
   defining Unicode char U+00D3 (decimal 211)
   defining Unicode char U+00D4 (decimal 212)
   defining Unicode char U+00D5 (decimal 213)
   defining Unicode char U+00D9 (decimal 217)
   defining Unicode char U+00DA (decimal 218)
   defining Unicode char U+00DD (decimal 221)
   defining Unicode char U+00E0 (decimal 224)
   defining Unicode char U+00E1 (decimal 225)
   defining Unicode char U+00E2 (decimal 226)
   defining Unicode char U+00E3 (decimal 227)
   defining Unicode char U+00E8 (decimal 232)
   defining Unicode char U+00E9 (decimal 233)
   defining Unicode char U+00EA (decimal 234)
   defining Unicode char U+00EC (decimal 236)
   defining Unicode char U+00ED (decimal 237)
   defining Unicode char U+00F2 (decimal 242)
   defining Unicode char U+00F3 (decimal 243)
   defining Unicode char U+00F4 (decimal 244)
   defining Unicode char U+00F5 (decimal 245)
   defining Unicode char U+00F9 (decimal 249)
   defining Unicode char U+00FA (decimal 250)
   defining Unicode char U+00FD (decimal 253)
   defining Unicode char U+0102 (decimal 258)
   defining Unicode char U+0103 (decimal 259)
   defining Unicode char U+0110 (decimal 272)
   defining Unicode char U+0111 (decimal 273)
   defining Unicode char U+0128 (decimal 296)
   defining Unicode char U+0129 (decimal 297)
   defining Unicode char U+0131 (decimal 305)
   defining Unicode char U+0168 (decimal 360)
   defining Unicode char U+0169 (decimal 361)
   defining Unicode char U+01A0 (decimal 416)
   defining Unicode char U+01A1 (decimal 417)
   defining Unicode char U+01AF (decimal 431)
   defining Unicode char U+01B0 (decimal 432)
   defining Unicode char U+1EA0 (decimal 7840)
   defining Unicode char U+1EA1 (decimal 7841)
   defining Unicode char U+1EA2 (decimal 7842)
   defining Unicode char U+1EA3 (decimal 7843)
   defining Unicode char U+1EA4 (decimal 7844)
   defining Unicode char U+1EA5 (decimal 7845)
   defining Unicode char U+1EA6 (decimal 7846)
   defining Unicode char U+1EA7 (decimal 7847)
   defining Unicode char U+1EA8 (decimal 7848)
   defining Unicode char U+1EA9 (decimal 7849)
   defining Unicode char U+1EAA (decimal 7850)
   defining Unicode char U+1EAB (decimal 7851)
   defining Unicode char U+1EAC (decimal 7852)
   defining Unicode char U+1EAD (decimal 7853)
   defining Unicode char U+1EAE (decimal 7854)
   defining Unicode char U+1EAF (decimal 7855)
   defining Unicode char U+1EB0 (decimal 7856)
   defining Unicode char U+1EB1 (decimal 7857)
   defining Unicode char U+1EB2 (decimal 7858)
   defining Unicode char U+1EB3 (decimal 7859)
   defining Unicode char U+1EB4 (decimal 7860)
   defining Unicode char U+1EB5 (decimal 7861)
   defining Unicode char U+1EB6 (decimal 7862)
   defining Unicode char U+1EB7 (decimal 7863)
   defining Unicode char U+1EB8 (decimal 7864)
   defining Unicode char U+1EB9 (decimal 7865)
   defining Unicode char U+1EBA (decimal 7866)
   defining Unicode char U+1EBB (decimal 7867)
   defining Unicode char U+1EBC (decimal 7868)
   defining Unicode char U+1EBD (decimal 7869)
   defining Unicode char U+1EBE (decimal 7870)
   defining Unicode char U+1EBF (decimal 7871)
   defining Unicode char U+1EC0 (decimal 7872)
   defining Unicode char U+1EC1 (decimal 7873)
   defining Unicode char U+1EC2 (decimal 7874)
   defining Unicode char U+1EC3 (decimal 7875)
   defining Unicode char U+1EC4 (decimal 7876)
   defining Unicode char U+1EC5 (decimal 7877)
   defining Unicode char U+1EC6 (decimal 7878)
   defining Unicode char U+1EC7 (decimal 7879)
   defining Unicode char U+1EC8 (decimal 7880)
   defining Unicode char U+1EC9 (decimal 7881)
   defining Unicode char U+1ECA (decimal 7882)
   defining Unicode char U+1ECB (decimal 7883)
   defining Unicode char U+1ECC (decimal 7884)
   defining Unicode char U+1ECD (decimal 7885)
   defining Unicode char U+1ECE (decimal 7886)
   defining Unicode char U+1ECF (decimal 7887)
   defining Unicode char U+1ED0 (decimal 7888)
   defining Unicode char U+1ED1 (decimal 7889)
   defining Unicode char U+1ED2 (decimal 7890)
   defining Unicode char U+1ED3 (decimal 7891)
   defining Unicode char U+1ED4 (decimal 7892)
   defining Unicode char U+1ED5 (decimal 7893)
   defining Unicode char U+1ED6 (decimal 7894)
   defining Unicode char U+1ED7 (decimal 7895)
   defining Unicode char U+1ED8 (decimal 7896)
   defining Unicode char U+1ED9 (decimal 7897)
   defining Unicode char U+1EDA (decimal 7898)
   defining Unicode char U+1EDB (decimal 7899)
   defining Unicode char U+1EDC (decimal 7900)
   defining Unicode char U+1EDD (decimal 7901)
   defining Unicode char U+1EDE (decimal 7902)
   defining Unicode char U+1EDF (decimal 7903)
   defining Unicode char U+1EE0 (decimal 7904)
   defining Unicode char U+1EE1 (decimal 7905)
   defining Unicode char U+1EE2 (decimal 7906)
   defining Unicode char U+1EE3 (decimal 7907)
   defining Unicode char U+1EE4 (decimal 7908)
   defining Unicode char U+1EE5 (decimal 7909)
   defining Unicode char U+1EE6 (decimal 7910)
   defining Unicode char U+1EE7 (decimal 7911)
   defining Unicode char U+1EE8 (decimal 7912)
   defining Unicode char U+1EE9 (decimal 7913)
   defining Unicode char U+1EEA (decimal 7914)
   defining Unicode char U+1EEB (decimal 7915)
   defining Unicode char U+1EEC (decimal 7916)
   defining Unicode char U+1EED (decimal 7917)
   defining Unicode char U+1EEE (decimal 7918)
   defining Unicode char U+1EEF (decimal 7919)
   defining Unicode char U+1EF0 (decimal 7920)
   defining Unicode char U+1EF1 (decimal 7921)
   defining Unicode char U+1EF2 (decimal 7922)
   defining Unicode char U+1EF3 (decimal 7923)
   defining Unicode char U+1EF4 (decimal 7924)
   defining Unicode char U+1EF5 (decimal 7925)
   defining Unicode char U+1EF6 (decimal 7926)
   defining Unicode char U+1EF7 (decimal 7927)
   defining Unicode char U+1EF8 (decimal 7928)
   defining Unicode char U+1EF9 (decimal 7929)
   defining Unicode char U+200C (decimal 8204)
   defining Unicode char U+2013 (decimal 8211)
   defining Unicode char U+2014 (decimal 8212)
   defining Unicode char U+2018 (decimal 8216)
   defining Unicode char U+2019 (decimal 8217)
   defining Unicode char U+201A (decimal 8218)
   defining Unicode char U+201C (decimal 8220)
   defining Unicode char U+201D (decimal 8221)
   defining Unicode char U+201E (decimal 8222)
   defining Unicode char U+2030 (decimal 8240)
   defining Unicode char U+2031 (decimal 8241)
   defining Unicode char U+2039 (decimal 8249)
   defining Unicode char U+203A (decimal 8250)
   defining Unicode char U+2423 (decimal 9251)
))
LaTeX Font Info:    Try loading font information for T5+cmr on input line 105.

(/usr/share/texmf-dist/tex/latex/vntex/t5cmr.fd
File: t5cmr.fd 1999/05/25 v2.5h Standard LaTeX font definitions
))
(/usr/share/texmf-dist/tex/generic/oberdiek/hyphsubst.sty
Package: hyphsubst 2016/05/16 v0.3 Substitute hyphenation patterns (HO)

(/usr/share/texmf-dist/tex/generic/oberdiek/infwarerr.sty
Package: infwarerr 2016/05/16 v1.4 Providing info/warning/error messages (HO)
)
Package hyphsubst Info: New: \l@vietnamese
(hyphsubst)             new value: 2 on input line 223.
)
(/usr/share/texmf-dist/tex/generic/babel/babel.sty
Package: babel 2018/11/13 3.27 The Babel package

(/usr/share/texmf-dist/tex/generic/babel/switch.def
File: switch.def 2018/11/13 3.27 Babel switching mechanism
)
(/usr/share/texmf-dist/tex/generic/babel-vietnamese/vietnamese.ldf
Language: vietnamese 

(/usr/share/texmf-dist/tex/generic/babel/babel.def
File: babel.def 2018/11/13 3.27 Babel common definitions
\babel@savecnt=\count89
\U@D=\dimen104

(/usr/share/texmf-dist/tex/generic/babel/txtbabel.def)
\bbl@dirlevel=\count90
)
Loading definitions for the Vietnamese font encoding
(/usr/share/texmf-dist/tex/latex/vntex/t5enc.def
File: t5enc.def 2006/11/21 v1.4 Vietnamese T5 encoding
LaTeX Font Info:    Redeclaring font encoding T5 on input line 75.
)
Package babel Info: Making " an active character on input line 147.
))
(/usr/share/texmf-dist/tex/latex/geometry/geometry.sty
Package: geometry 2018/04/16 v5.8 Page Geometry

(/usr/share/texmf-dist/tex/latex/graphics/keyval.sty
Package: keyval 2014/10/28 v1.15 key=value parser (DPC)
\KV@toks@=\toks16
)
(/usr/share/texmf-dist/tex/generic/oberdiek/ifpdf.sty
Package: ifpdf 2018/09/07 v3.3 Provides the ifpdf switch
)
(/usr/share/texmf-dist/tex/generic/oberdiek/ifvtex.sty
Package: ifvtex 2016/05/16 v1.6 Detect VTeX and its facilities (HO)
Package ifvtex Info: VTeX not detected.
)
(/usr/share/texmf-dist/tex/generic/ifxetex/ifxetex.sty
Package: ifxetex 2010/09/12 v0.6 Provides ifxetex conditional
)
\Gm@cnth=\count91
\Gm@cntv=\count92
\c@Gm@tempcnt=\count93
\Gm@bindingoffset=\dimen105
\Gm@wd@mp=\dimen106
\Gm@odd@mp=\dimen107
\Gm@even@mp=\dimen108
\Gm@layoutwidth=\dimen109
\Gm@layoutheight=\dimen110
\Gm@layouthoffset=\dimen111
\Gm@layoutvoffset=\dimen112
\Gm@dimlist=\toks17
)
(/usr/share/texmf-dist/tex/latex/graphics/graphicx.sty
Package: graphicx 2017/06/01 v1.1a Enhanced LaTeX Graphics (DPC,SPQR)

(/usr/share/texmf-dist/tex/latex/graphics/graphics.sty
Package: graphics 2017/06/25 v1.2c Standard LaTeX Graphics (DPC,SPQR)

(/usr/share/texmf-dist/tex/latex/graphics/trig.sty
Package: trig 2016/01/03 v1.10 sin cos tan (DPC)
)
(/usr/share/texmf-dist/tex/latex/graphics-cfg/graphics.cfg
File: graphics.cfg 2016/06/04 v1.11 sample graphics configuration
)
Package graphics Info: Driver file: pdftex.def on input line 99.

(/usr/share/texmf-dist/tex/latex/graphics-def/pdftex.def
File: pdftex.def 2018/01/08 v1.0l Graphics/color driver for pdftex
))
\Gin@req@height=\dimen113
\Gin@req@width=\dimen114
)
(/usr/share/texmf-dist/tex/latex/pgf/frontendlayer/tikz.sty
(/usr/share/texmf-dist/tex/latex/pgf/basiclayer/pgf.sty
(/usr/share/texmf-dist/tex/latex/pgf/utilities/pgfrcs.sty
(/usr/share/texmf-dist/tex/generic/pgf/utilities/pgfutil-common.tex
\pgfutil@everybye=\toks18
\pgfutil@tempdima=\dimen115
\pgfutil@tempdimb=\dimen116

(/usr/share/texmf-dist/tex/generic/pgf/utilities/pgfutil-common-lists.tex))
(/usr/share/texmf-dist/tex/generic/pgf/utilities/pgfutil-latex.def
\pgfutil@abb=\box27

(/usr/share/texmf-dist/tex/latex/ms/everyshi.sty
Package: everyshi 2001/05/15 v3.00 EveryShipout Package (MS)
))
(/usr/share/texmf-dist/tex/generic/pgf/utilities/pgfrcs.code.tex
(/usr/share/texmf-dist/tex/generic/pgf/pgf.revision.tex)
Package: pgfrcs 2019/02/02 v3.1.1 (3.1.1)
))
Package: pgf 2019/02/02 v3.1.1 (3.1.1)

(/usr/share/texmf-dist/tex/latex/pgf/basiclayer/pgfcore.sty
(/usr/share/texmf-dist/tex/latex/pgf/systemlayer/pgfsys.sty
(/usr/share/texmf-dist/tex/generic/pgf/systemlayer/pgfsys.code.tex
Package: pgfsys 2019/02/02 v3.1.1 (3.1.1)

(/usr/share/texmf-dist/tex/generic/pgf/utilities/pgfkeys.code.tex
\pgfkeys@pathtoks=\toks19
\pgfkeys@temptoks=\toks20

(/usr/share/texmf-dist/tex/generic/pgf/utilities/pgfkeysfiltered.code.tex
\pgfkeys@tmptoks=\toks21
))
\pgf@x=\dimen117
\pgf@y=\dimen118
\pgf@xa=\dimen119
\pgf@ya=\dimen120
\pgf@xb=\dimen121
\pgf@yb=\dimen122
\pgf@xc=\dimen123
\pgf@yc=\dimen124
\w@pgf@writea=\write3
\r@pgf@reada=\read1
\c@pgf@counta=\count94
\c@pgf@countb=\count95
\c@pgf@countc=\count96
\c@pgf@countd=\count97
\t@pgf@toka=\toks22
\t@pgf@tokb=\toks23
\t@pgf@tokc=\toks24
\pgf@sys@id@count=\count98

(/usr/share/texmf-dist/tex/generic/pgf/systemlayer/pgf.cfg
File: pgf.cfg 2019/02/02 v3.1.1 (3.1.1)
)
Driver file for pgf: pgfsys-pdftex.def

(/usr/share/texmf-dist/tex/generic/pgf/systemlayer/pgfsys-pdftex.def
File: pgfsys-pdftex.def 2019/02/02 v3.1.1 (3.1.1)

(/usr/share/texmf-dist/tex/generic/pgf/systemlayer/pgfsys-common-pdf.def
File: pgfsys-common-pdf.def 2019/02/02 v3.1.1 (3.1.1)
)))
(/usr/share/texmf-dist/tex/generic/pgf/systemlayer/pgfsyssoftpath.code.tex
File: pgfsyssoftpath.code.tex 2019/02/02 v3.1.1 (3.1.1)
\pgfsyssoftpath@smallbuffer@items=\count99
\pgfsyssoftpath@bigbuffer@items=\count100
)
(/usr/share/texmf-dist/tex/generic/pgf/systemlayer/pgfsysprotocol.code.tex
File: pgfsysprotocol.code.tex 2019/02/02 v3.1.1 (3.1.1)
))
(/usr/share/texmf-dist/tex/latex/xcolor/xcolor.sty
Package: xcolor 2016/05/11 v2.12 LaTeX color extensions (UK)

(/usr/share/texmf-dist/tex/latex/graphics-cfg/color.cfg
File: color.cfg 2016/01/02 v1.6 sample color configuration
)
Package xcolor Info: Driver file: pdftex.def on input line 225.
Package xcolor Info: Model `cmy' substituted by `cmy0' on input line 1348.
Package xcolor Info: Model `hsb' substituted by `rgb' on input line 1352.
Package xcolor Info: Model `RGB' extended on input line 1364.
Package xcolor Info: Model `HTML' substituted by `rgb' on input line 1366.
Package xcolor Info: Model `Hsb' substituted by `hsb' on input line 1367.
Package xcolor Info: Model `tHsb' substituted by `hsb' on input line 1368.
Package xcolor Info: Model `HSB' substituted by `hsb' on input line 1369.
Package xcolor Info: Model `Gray' substituted by `gray' on input line 1370.
Package xcolor Info: Model `wave' substituted by `hsb' on input line 1371.
)
(/usr/share/texmf-dist/tex/generic/pgf/basiclayer/pgfcore.code.tex
Package: pgfcore 2019/02/02 v3.1.1 (3.1.1)

(/usr/share/texmf-dist/tex/generic/pgf/math/pgfmath.code.tex
(/usr/share/texmf-dist/tex/generic/pgf/math/pgfmathcalc.code.tex
(/usr/share/texmf-dist/tex/generic/pgf/math/pgfmathutil.code.tex)
(/usr/share/texmf-dist/tex/generic/pgf/math/pgfmathparser.code.tex
\pgfmath@dimen=\dimen125
\pgfmath@count=\count101
\pgfmath@box=\box28
\pgfmath@toks=\toks25
\pgfmath@stack@operand=\toks26
\pgfmath@stack@operation=\toks27
)
(/usr/share/texmf-dist/tex/generic/pgf/math/pgfmathfunctions.code.tex
(/usr/share/texmf-dist/tex/generic/pgf/math/pgfmathfunctions.basic.code.tex)
(/usr/share/texmf-dist/tex/generic/pgf/math/pgfmathfunctions.trigonometric.code
.tex)
(/usr/share/texmf-dist/tex/generic/pgf/math/pgfmathfunctions.random.code.tex)
(/usr/share/texmf-dist/tex/generic/pgf/math/pgfmathfunctions.comparison.code.te
x) (/usr/share/texmf-dist/tex/generic/pgf/math/pgfmathfunctions.base.code.tex)
(/usr/share/texmf-dist/tex/generic/pgf/math/pgfmathfunctions.round.code.tex)
(/usr/share/texmf-dist/tex/generic/pgf/math/pgfmathfunctions.misc.code.tex)
(/usr/share/texmf-dist/tex/generic/pgf/math/pgfmathfunctions.integerarithmetics
.code.tex))) (/usr/share/texmf-dist/tex/generic/pgf/math/pgfmathfloat.code.tex
\c@pgfmathroundto@lastzeros=\count102
)) (/usr/share/texmf-dist/tex/generic/pgf/basiclayer/pgfcorepoints.code.tex
File: pgfcorepoints.code.tex 2019/02/02 v3.1.1 (3.1.1)
\pgf@picminx=\dimen126
\pgf@picmaxx=\dimen127
\pgf@picminy=\dimen128
\pgf@picmaxy=\dimen129
\pgf@pathminx=\dimen130
\pgf@pathmaxx=\dimen131
\pgf@pathminy=\dimen132
\pgf@pathmaxy=\dimen133
\pgf@xx=\dimen134
\pgf@xy=\dimen135
\pgf@yx=\dimen136
\pgf@yy=\dimen137
\pgf@zx=\dimen138
\pgf@zy=\dimen139
)
(/usr/share/texmf-dist/tex/generic/pgf/basiclayer/pgfcorepathconstruct.code.tex
File: pgfcorepathconstruct.code.tex 2019/02/02 v3.1.1 (3.1.1)
\pgf@path@lastx=\dimen140
\pgf@path@lasty=\dimen141
) (/usr/share/texmf-dist/tex/generic/pgf/basiclayer/pgfcorepathusage.code.tex
File: pgfcorepathusage.code.tex 2019/02/02 v3.1.1 (3.1.1)
\pgf@shorten@end@additional=\dimen142
\pgf@shorten@start@additional=\dimen143
)
(/usr/share/texmf-dist/tex/generic/pgf/basiclayer/pgfcorescopes.code.tex
File: pgfcorescopes.code.tex 2019/02/02 v3.1.1 (3.1.1)
\pgfpic=\box29
\pgf@hbox=\box30
\pgf@layerbox@main=\box31
\pgf@picture@serial@count=\count103
)
(/usr/share/texmf-dist/tex/generic/pgf/basiclayer/pgfcoregraphicstate.code.tex
File: pgfcoregraphicstate.code.tex 2019/02/02 v3.1.1 (3.1.1)
\pgflinewidth=\dimen144
)
(/usr/share/texmf-dist/tex/generic/pgf/basiclayer/pgfcoretransformations.code.t
ex
File: pgfcoretransformations.code.tex 2019/02/02 v3.1.1 (3.1.1)
\pgf@pt@x=\dimen145
\pgf@pt@y=\dimen146
\pgf@pt@temp=\dimen147
) (/usr/share/texmf-dist/tex/generic/pgf/basiclayer/pgfcorequick.code.tex
File: pgfcorequick.code.tex 2019/02/02 v3.1.1 (3.1.1)
)
(/usr/share/texmf-dist/tex/generic/pgf/basiclayer/pgfcoreobjects.code.tex
File: pgfcoreobjects.code.tex 2019/02/02 v3.1.1 (3.1.1)
)
(/usr/share/texmf-dist/tex/generic/pgf/basiclayer/pgfcorepathprocessing.code.te
x
File: pgfcorepathprocessing.code.tex 2019/02/02 v3.1.1 (3.1.1)
) (/usr/share/texmf-dist/tex/generic/pgf/basiclayer/pgfcorearrows.code.tex
File: pgfcorearrows.code.tex 2019/02/02 v3.1.1 (3.1.1)
\pgfarrowsep=\dimen148
)
(/usr/share/texmf-dist/tex/generic/pgf/basiclayer/pgfcoreshade.code.tex
File: pgfcoreshade.code.tex 2019/02/02 v3.1.1 (3.1.1)
\pgf@max=\dimen149
\pgf@sys@shading@range@num=\count104
)
(/usr/share/texmf-dist/tex/generic/pgf/basiclayer/pgfcoreimage.code.tex
File: pgfcoreimage.code.tex 2019/02/02 v3.1.1 (3.1.1)

(/usr/share/texmf-dist/tex/generic/pgf/basiclayer/pgfcoreexternal.code.tex
File: pgfcoreexternal.code.tex 2019/02/02 v3.1.1 (3.1.1)
\pgfexternal@startupbox=\box32
))
(/usr/share/texmf-dist/tex/generic/pgf/basiclayer/pgfcorelayers.code.tex
File: pgfcorelayers.code.tex 2019/02/02 v3.1.1 (3.1.1)
)
(/usr/share/texmf-dist/tex/generic/pgf/basiclayer/pgfcoretransparency.code.tex
File: pgfcoretransparency.code.tex 2019/02/02 v3.1.1 (3.1.1)
) (/usr/share/texmf-dist/tex/generic/pgf/basiclayer/pgfcorepatterns.code.tex
File: pgfcorepatterns.code.tex 2019/02/02 v3.1.1 (3.1.1)
)
(/usr/share/texmf-dist/tex/generic/pgf/basiclayer/pgfcorerdf.code.tex
File: pgfcorerdf.code.tex 2019/02/02 v3.1.1 (3.1.1)
)))
(/usr/share/texmf-dist/tex/generic/pgf/modules/pgfmoduleshapes.code.tex
File: pgfmoduleshapes.code.tex 2019/02/02 v3.1.1 (3.1.1)
\pgfnodeparttextbox=\box33
)
(/usr/share/texmf-dist/tex/generic/pgf/modules/pgfmoduleplot.code.tex
File: pgfmoduleplot.code.tex 2019/02/02 v3.1.1 (3.1.1)
)
(/usr/share/texmf-dist/tex/latex/pgf/compatibility/pgfcomp-version-0-65.sty
Package: pgfcomp-version-0-65 2019/02/02 v3.1.1 (3.1.1)
\pgf@nodesepstart=\dimen150
\pgf@nodesepend=\dimen151
)
(/usr/share/texmf-dist/tex/latex/pgf/compatibility/pgfcomp-version-1-18.sty
Package: pgfcomp-version-1-18 2019/02/02 v3.1.1 (3.1.1)
))
(/usr/share/texmf-dist/tex/latex/pgf/utilities/pgffor.sty
(/usr/share/texmf-dist/tex/latex/pgf/utilities/pgfkeys.sty
(/usr/share/texmf-dist/tex/generic/pgf/utilities/pgfkeys.code.tex))
(/usr/share/texmf-dist/tex/latex/pgf/math/pgfmath.sty
(/usr/share/texmf-dist/tex/generic/pgf/math/pgfmath.code.tex))
(/usr/share/texmf-dist/tex/generic/pgf/utilities/pgffor.code.tex
Package: pgffor 2019/02/02 v3.1.1 (3.1.1)

(/usr/share/texmf-dist/tex/generic/pgf/math/pgfmath.code.tex)
\pgffor@iter=\dimen152
\pgffor@skip=\dimen153
\pgffor@stack=\toks28
\pgffor@toks=\toks29
))
(/usr/share/texmf-dist/tex/generic/pgf/frontendlayer/tikz/tikz.code.tex
Package: tikz 2019/02/02 v3.1.1 (3.1.1)

(/usr/share/texmf-dist/tex/generic/pgf/libraries/pgflibraryplothandlers.code.te
x
File: pgflibraryplothandlers.code.tex 2019/02/02 v3.1.1 (3.1.1)
\pgf@plot@mark@count=\count105
\pgfplotmarksize=\dimen154
)
\tikz@lastx=\dimen155
\tikz@lasty=\dimen156
\tikz@lastxsaved=\dimen157
\tikz@lastysaved=\dimen158
\tikzleveldistance=\dimen159
\tikzsiblingdistance=\dimen160
\tikz@figbox=\box34
\tikz@figbox@bg=\box35
\tikz@tempbox=\box36
\tikz@tempbox@bg=\box37
\tikztreelevel=\count106
\tikznumberofchildren=\count107
\tikznumberofcurrentchild=\count108
\tikz@fig@count=\count109
 (/usr/share/texmf-dist/tex/generic/pgf/modules/pgfmodulematrix.code.tex
File: pgfmodulematrix.code.tex 2019/02/02 v3.1.1 (3.1.1)
\pgfmatrixcurrentrow=\count110
\pgfmatrixcurrentcolumn=\count111
\pgf@matrix@numberofcolumns=\count112
)
\tikz@expandcount=\count113

(/usr/share/texmf-dist/tex/generic/pgf/frontendlayer/tikz/libraries/tikzlibrary
topaths.code.tex
File: tikzlibrarytopaths.code.tex 2019/02/02 v3.1.1 (3.1.1)
)))
(/usr/share/texmf-dist/tex/generic/pgf/frontendlayer/tikz/libraries/tikzlibrary
calc.code.tex
File: tikzlibrarycalc.code.tex 2019/02/02 v3.1.1 (3.1.1)
) (/usr/share/texmf-dist/tex/latex/enumitem/enumitem.sty
Package: enumitem 2019/02/04 v3.8 Customized lists
\labelindent=\skip43
\enit@outerparindent=\dimen161
\enit@toks=\toks30
\enit@inbox=\box38
\enit@count@id=\count114
\enitdp@description=\count115
)
(/usr/share/texmf-dist/tex/latex/eso-pic/eso-pic.sty
Package: eso-pic 2018/04/12 v2.0h eso-pic (RN)

(/usr/share/texmf-dist/tex/generic/oberdiek/atbegshi.sty
Package: atbegshi 2016/06/09 v1.18 At begin shipout hook (HO)

(/usr/share/texmf-dist/tex/generic/oberdiek/ltxcmds.sty
Package: ltxcmds 2016/05/16 v1.23 LaTeX kernel commands for general use (HO)
)))
(/usr/share/texmf-dist/tex/latex/tools/indentfirst.sty
Package: indentfirst 1995/11/23 v1.03 Indent first paragraph (DPC)
)
(/usr/share/texmf-dist/tex/latex/titlesec/titlesec.sty
Package: titlesec 2016/03/21 v2.10.2 Sectioning titles
\ttl@box=\box39
\beforetitleunit=\skip44
\aftertitleunit=\skip45
\ttl@plus=\dimen162
\ttl@minus=\dimen163
\ttl@toksa=\toks31
\titlewidth=\dimen164
\titlewidthlast=\dimen165
\titlewidthfirst=\dimen166
)
(/usr/share/texmf-dist/tex/latex/romannum/romannum.sty
Package: romannum 2009/09/03 v1.0b roman numerals

(/usr/share/texmf-dist/tex/latex/stdclsdv/stdclsdv.sty
Package: stdclsdv 2009/09/04 v1.1a Sectional divisions
))
(/usr/share/texmf-dist/tex/latex/listings/listings.sty
\lst@mode=\count116
\lst@gtempboxa=\box40
\lst@token=\toks32
\lst@length=\count117
\lst@currlwidth=\dimen167
\lst@column=\count118
\lst@pos=\count119
\lst@lostspace=\dimen168
\lst@width=\dimen169
\lst@newlines=\count120
\lst@lineno=\count121
\lst@maxwidth=\dimen170

(/usr/share/texmf-dist/tex/latex/listings/lstmisc.sty
File: lstmisc.sty 2018/09/02 1.7 (Carsten Heinz)
\c@lstnumber=\count122
\lst@skipnumbers=\count123
\lst@framebox=\box41
)
(/usr/share/texmf-dist/tex/latex/listings/listings.cfg
File: listings.cfg 2018/09/02 1.7 listings configuration
))
Package: listings 2018/09/02 1.7 (Carsten Heinz)

(/usr/share/texmf-dist/tex/latex/graphics/rotating.sty
Package: rotating 2016/08/11 v2.16d rotated objects in LaTeX

(/usr/share/texmf-dist/tex/latex/base/ifthen.sty
Package: ifthen 2014/09/29 v1.1c Standard LaTeX ifthen package (DPC)
)
\c@r@tfl@t=\count124
\rotFPtop=\skip46
\rotFPbot=\skip47
\rot@float@box=\box42
\rot@mess@toks=\toks33
)
(/usr/share/texmf-dist/tex/latex/tools/tabularx.sty
Package: tabularx 2016/02/03 v2.11b `tabularx' package (DPC)

(/usr/share/texmf-dist/tex/latex/tools/array.sty
Package: array 2018/12/30 v2.4k Tabular extension package (FMi)
\col@sep=\dimen171
\ar@mcellbox=\box43
\extrarowheight=\dimen172
\NC@list=\toks34
\extratabsurround=\skip48
\backup@length=\skip49
\ar@cellbox=\box44
)
\TX@col@width=\dimen173
\TX@old@table=\dimen174
\TX@old@col=\dimen175
\TX@target=\dimen176
\TX@delta=\dimen177
\TX@cols=\count125
\TX@ftn=\toks35
)
(/usr/share/texmf-dist/tex/latex/fancyhdr/fancyhdr.sty
Package: fancyhdr 2019/01/31 v3.10 Extensive control of page headers and footer
s
\f@nch@headwidth=\skip50
\f@nch@O@elh=\skip51
\f@nch@O@erh=\skip52
\f@nch@O@olh=\skip53
\f@nch@O@orh=\skip54
\f@nch@O@elf=\skip55
\f@nch@O@erf=\skip56
\f@nch@O@olf=\skip57
\f@nch@O@orf=\skip58
) (./config.tex)
(./main.aux (./tex/loi_mo_dau.aux) (./tex/chuong_1.aux) (./tex/chuong_2.aux)
(./tex/chuong_3.aux))
\openout1 = `main.aux'.

LaTeX Font Info:    Checking defaults for OML/cmm/m/it on input line 34.
LaTeX Font Info:    ... okay on input line 34.
LaTeX Font Info:    Checking defaults for T1/cmr/m/n on input line 34.
LaTeX Font Info:    ... okay on input line 34.
LaTeX Font Info:    Checking defaults for OT1/cmr/m/n on input line 34.
LaTeX Font Info:    ... okay on input line 34.
LaTeX Font Info:    Checking defaults for OMS/cmsy/m/n on input line 34.
LaTeX Font Info:    ... okay on input line 34.
LaTeX Font Info:    Checking defaults for OMX/cmex/m/n on input line 34.
LaTeX Font Info:    ... okay on input line 34.
LaTeX Font Info:    Checking defaults for U/cmr/m/n on input line 34.
LaTeX Font Info:    ... okay on input line 34.
LaTeX Font Info:    Checking defaults for T5/cmr/m/n on input line 34.
LaTeX Font Info:    ... okay on input line 34.
LaTeX Font Info:    Try loading font information for T5+ptm on input line 34.
 (/usr/share/texmf-dist/tex/latex/vntex/t5ptm.fd
File: t5utm.fd 2005/08/24 Fontinst v1.929 font definitions for T5/ptm.
)
*geometry* driver: auto-detecting
*geometry* detected driver: pdftex
*geometry* verbose mode - [ preamble ] result:
* driver: pdftex
* paper: a4paper
* layout: <same size as paper>
* layoutoffset:(h,v)=(0.0pt,0.0pt)
* modes: 
* h-part:(L,W,R)=(85.35826pt, 455.24411pt, 56.9055pt)
* v-part:(T,H,B)=(56.9055pt, 731.23584pt, 56.9055pt)
* \paperwidth=597.50787pt
* \paperheight=845.04684pt
* \textwidth=455.24411pt
* \textheight=731.23584pt
* \oddsidemargin=13.08827pt
* \evensidemargin=13.08827pt
* \topmargin=-54.36449pt
* \headheight=17.0pt
* \headsep=25.0pt
* \topskip=14.0pt
* \footskip=30.0pt
* \marginparwidth=15.0pt
* \marginparsep=10.0pt
* \columnsep=10.0pt
* \skip\footins=12.0pt plus 4.0pt minus 2.0pt
* \hoffset=0.0pt
* \voffset=0.0pt
* \mag=1000
* \@twocolumnfalse
* \@twosidefalse
* \@mparswitchfalse
* \@reversemarginfalse
* (1in=72.27pt=25.4mm, 1cm=28.453pt)

(/usr/share/texmf-dist/tex/context/base/mkii/supp-pdf.mkii
[Loading MPS to PDF converter (version 2006.09.02).]
\scratchcounter=\count126
\scratchdimen=\dimen178
\scratchbox=\box45
\nofMPsegments=\count127
\nofMParguments=\count128
\everyMPshowfont=\toks36
\MPscratchCnt=\count129
\MPscratchDim=\dimen179
\MPnumerator=\count130
\makeMPintoPDFobject=\count131
\everyMPtoPDFconversion=\toks37
) (/usr/share/texmf-dist/tex/latex/oberdiek/epstopdf-base.sty
Package: epstopdf-base 2016/05/15 v2.6 Base part for package epstopdf

(/usr/share/texmf-dist/tex/latex/oberdiek/grfext.sty
Package: grfext 2016/05/16 v1.2 Manage graphics extensions (HO)

(/usr/share/texmf-dist/tex/generic/oberdiek/kvdefinekeys.sty
Package: kvdefinekeys 2016/05/16 v1.4 Define keys (HO)
))
(/usr/share/texmf-dist/tex/latex/oberdiek/kvoptions.sty
Package: kvoptions 2016/05/16 v3.12 Key value format for package options (HO)

(/usr/share/texmf-dist/tex/generic/oberdiek/kvsetkeys.sty
Package: kvsetkeys 2016/05/16 v1.17 Key value parser (HO)

(/usr/share/texmf-dist/tex/generic/oberdiek/etexcmds.sty
Package: etexcmds 2016/05/16 v1.6 Avoid name clashes with e-TeX commands (HO)

(/usr/share/texmf-dist/tex/generic/oberdiek/ifluatex.sty
Package: ifluatex 2016/05/16 v1.4 Provides the ifluatex switch (HO)
Package ifluatex Info: LuaTeX not detected.
)
Package etexcmds Info: Could not find \expanded.
(etexcmds)             That can mean that you are not using pdfTeX 1.50 or
(etexcmds)             that some package has redefined \expanded.
(etexcmds)             In the latter case, load this package earlier.
)))
(/usr/share/texmf-dist/tex/generic/oberdiek/pdftexcmds.sty
Package: pdftexcmds 2018/09/10 v0.29 Utility functions of pdfTeX for LuaTeX (HO
)
Package pdftexcmds Info: LuaTeX not detected.
Package pdftexcmds Info: \pdf@primitive is available.
Package pdftexcmds Info: \pdf@ifprimitive is available.
Package pdftexcmds Info: \pdfdraftmode found.
)
Package epstopdf-base Info: Redefining graphics rule for `.eps' on input line 4
38.
Package grfext Info: Graphics extension search list:
(grfext)             [.pdf,.png,.jpg,.mps,.jpeg,.jbig2,.jb2,.PDF,.PNG,.JPG,.JPE
G,.JBIG2,.JB2,.eps]
(grfext)             \AppendGraphicsExtensions on input line 456.

(/usr/share/texmf-dist/tex/latex/latexconfig/epstopdf-sys.cfg
File: epstopdf-sys.cfg 2010/07/13 v1.3 Configuration of (r)epstopdf for TeX Liv
e
))
ABD: EveryShipout initializing macros
\AtBeginShipoutBox=\box46
\c@lstlisting=\count132
*geometry* verbose mode - [ newgeometry ] result:
* driver: pdftex
* paper: a4paper
* layout: <same size as paper>
* layoutoffset:(h,v)=(0.0pt,0.0pt)
* modes: 
* h-part:(L,W,R)=(56.9055pt, 483.69687pt, 56.9055pt)
* v-part:(T,H,B)=(56.9055pt, 731.23584pt, 56.9055pt)
* \paperwidth=597.50787pt
* \paperheight=845.04684pt
* \textwidth=483.69687pt
* \textheight=731.23584pt
* \oddsidemargin=-15.36449pt
* \evensidemargin=-15.36449pt
* \topmargin=-57.36449pt
* \headheight=17.0pt
* \headsep=25.0pt
* \topskip=14.0pt
* \footskip=30.0pt
* \marginparwidth=15.0pt
* \marginparsep=10.0pt
* \columnsep=10.0pt
* \skip\footins=12.0pt plus 4.0pt minus 2.0pt
* \hoffset=0.0pt
* \voffset=0.0pt
* \mag=1000
* \@twocolumnfalse
* \@twosidefalse
* \@mparswitchfalse
* \@reversemarginfalse
* (1in=72.27pt=25.4mm, 1cm=28.453pt)

LaTeX Font Info:    Font shape `T5/ptm/bx/n' in size <13> not available
(Font)              Font shape `T5/ptm/b/n' tried instead on input line 35.
<fig/Logo_ICTU.png, id=4, 359.3425pt x 359.3425pt>
File: fig/Logo_ICTU.png Graphic file (type png)
<use fig/Logo_ICTU.png>
Package pdftex.def Info: fig/Logo_ICTU.png  used on input line 35.
(pdftex.def)             Requested size: 100.37537pt x 100.37395pt.
LaTeX Font Info:    Font shape `T5/ptm/bx/n' in size <18> not available
(Font)              Font shape `T5/ptm/b/n' tried instead on input line 35.
LaTeX Font Info:    Font shape `T5/ptm/bx/n' in size <14.4> not available
(Font)              Font shape `T5/ptm/b/n' tried instead on input line 35.
LaTeX Font Info:    External font `cmex7' loaded for size
(Font)              <7> on input line 35.

! Missing number, treated as zero.
<to be read again> 
                   \protect 
l.35 \maketitle
               
A number should have been here; I inserted `0'.
(If you can't figure out why I needed to see a number,
look up `weird error' in the index to The TeXbook.)

! Illegal unit of measure (pt inserted).
<to be read again> 
                   \protect 
l.35 \maketitle
               
Dimensions can be in units of em, ex, in, pt, pc,
cm, mm, dd, cc, nd, nc, bp, or sp; but yours is a new one!
I'll assume that you meant to say pt, for printer's points.
To recover gracefully from this error, it's best to
delete the erroneous units; e.g., type `2' to delete
two letters. (See Chapter 27 of The TeXbook.)

LaTeX Font Info:    Font shape `T5/ptm/bx/n' in size <14> not available
(Font)              Font shape `T5/ptm/b/n' tried instead on input line 35.
[1


{/var/lib/texmf/fonts/map/pdftex/updmap/pdftex.map} <./fig/Logo_ICTU.png>]
(./main.toc
LaTeX Font Info:    Try loading font information for OT1+ptm on input line 1.
 (/usr/share/texmf-dist/tex/latex/psnfss/ot1ptm.fd
File: ot1ptm.fd 2001/06/04 font definitions for OT1/ptm.
) [1

])
\tf@toc=\write4
\openout4 = `main.toc'.

 [2]
\openout2 = `tex/loi_mo_dau.aux'.


(./tex/loi_mo_dau.tex) [1


]
\openout2 = `tex/chuong_1.aux'.

 (./tex/chuong_1.tex
Ch\uhorn \ohorn ng 1.

Overfull \hbox (5.12347pt too wide) in paragraph at lines 8--9
\T5/ptm/m/n/14.4 mîi sû döng c¡c th´ semantic (ngú ngh¾a) thay cho vi»c dòng <d
iv> hay <span>v¼
 []

[2



] (/usr/share/texmf-dist/tex/latex/listings/lstlang1.sty
File: lstlang1.sty 2018/09/02 1.7 listings language file
)
(/usr/share/texmf-dist/tex/latex/listings/lstmisc.sty
File: lstmisc.sty 2018/09/02 1.7 (Carsten Heinz)
)
LaTeX Font Info:    Try loading font information for T5+pcr on input line 33.

(/usr/share/texmf-dist/tex/latex/vntex/t5pcr.fd
File: t5ucr.fd 2005/08/24 Fontinst v1.929 font definitions for T5/pcr.
)
LaTeX Font Info:    Font shape `T5/pcr/bx/n' in size <14.4> not available
(Font)              Font shape `T5/pcr/b/n' tried instead on input line 34.
 [3]
Overfull \hbox (12.92816pt too wide) in paragraph at lines 52--58
 [][] 
 []


Overfull \hbox (11.74742pt too wide) in paragraph at lines 62--62
\T5/ptm/m/n/14.4 nhúng class css ^^_÷ñc ^^_ành ngh¾a s®n thuëc t½nh, vi»c dòng 
c¡c class ^^_÷ñc Bootstrap
 []

[4] [5] [6] (/usr/share/texmf-dist/tex/latex/listings/lstlang1.sty
File: lstlang1.sty 2018/09/02 1.7 listings language file
)
(/usr/share/texmf-dist/tex/latex/listings/lstlang2.sty
File: lstlang2.sty 2018/09/02 1.7 listings language file
)
Missing character: There is no   in font ucrr8v!
LaTeX Font Info:    Font shape `T5/pcr/m/it' in size <14.4> not available
(Font)              Font shape `T5/pcr/m/sl' tried instead on input line 122.

Underfull \hbox (badness 10000) in paragraph at lines 145--145
\T5/ptm/m/n/14.4 t¶n_cët_3,...) VALUES (gi¡_trà_cët_1,
 []

[7]) [8]
\openout2 = `tex/chuong_2.aux'.

 (./tex/chuong_2.tex
Ch\uhorn \ohorn ng 2.
LaTeX Font Info:    Try loading font information for OMS+ptm on input line 11.
(/usr/share/texmf-dist/tex/latex/psnfss/omsptm.fd
File: omsptm.fd 
)
LaTeX Font Info:    Font shape `OMS/ptm/m/n' in size <14.4> not available
(Font)              Font shape `OMS/cmsy/m/n' tried instead on input line 11.
 [9



] [10]
! Undefined control sequence.
\enit@endenumerate ->\enit@after 
                                 \endlist \ifx \enit@series \relax \else \if...
l.73 \end{enumerate}
                    
The control sequence at the end of the top line
of your error message was never \def'ed. If you have
misspelled it (e.g., `\hobx'), type `I' and the correct
spelling (e.g., `I\hbox'). Otherwise just continue,
and I'll forget about whatever was undefined.

! Undefined control sequence.
\enit@endenumerate ...\else \ifnum \enit@resuming 
                                                  =\@ne \enit@setresumekeys ...
l.73 \end{enumerate}
                    
The control sequence at the end of the top line
of your error message was never \def'ed. If you have
misspelled it (e.g., `\hobx'), type `I' and the correct
spelling (e.g., `I\hbox'). Otherwise just continue,
and I'll forget about whatever was undefined.

! Missing number, treated as zero.
<to be read again> 
                   =
l.73 \end{enumerate}
                    
A number should have been here; I inserted `0'.
(If you can't figure out why I needed to see a number,
look up `weird error' in the index to The TeXbook.)

! Undefined control sequence.
\enit@setresumekeys ...xpandafter {\enit@savekeys 
                                                  }\xdef \enit@afterlist {#2...
l.73 \end{enumerate}
                    
The control sequence at the end of the top line
of your error message was never \def'ed. If you have
misspelled it (e.g., `\hobx'), type `I' and the correct
spelling (e.g., `I\hbox'). Otherwise just continue,
and I'll forget about whatever was undefined.

! Undefined control sequence.
\enit@setresumekeys ...it@toks }\ifnum \enit@type 
                                                  =\z@ #3\def \enit@noexcs {...
l.73 \end{enumerate}
                    
The control sequence at the end of the top line
of your error message was never \def'ed. If you have
misspelled it (e.g., `\hobx'), type `I' and the correct
spelling (e.g., `I\hbox'). Otherwise just continue,
and I'll forget about whatever was undefined.

! Missing number, treated as zero.
<to be read again> 
                   =
l.73 \end{enumerate}
                    
A number should have been here; I inserted `0'.
(If you can't figure out why I needed to see a number,
look up `weird error' in the index to The TeXbook.)

! Undefined control sequence.
<argument> enit@resume@series@\enit@series 
                                           
l.73 \end{enumerate}
                    
The control sequence at the end of the top line
of your error message was never \def'ed. If you have
misspelled it (e.g., `\hobx'), type `I' and the correct
spelling (e.g., `I\hbox'). Otherwise just continue,
and I'll forget about whatever was undefined.

! Undefined control sequence.
\enit@setresumekeys ...me@#1}{\csname c@\@listctr 
                                                  \endcsname \the \csname c@...
l.73 \end{enumerate}
                    
The control sequence at the end of the top line
of your error message was never \def'ed. If you have
misspelled it (e.g., `\hobx'), type `I' and the correct
spelling (e.g., `I\hbox'). Otherwise just continue,
and I'll forget about whatever was undefined.

! Undefined control sequence.
\enit@setresumekeys ...e \the \csname c@\@listctr 
                                                  \endcsname }\fi }
l.73 \end{enumerate}
                    
The control sequence at the end of the top line
of your error message was never \def'ed. If you have
misspelled it (e.g., `\hobx'), type `I' and the correct
spelling (e.g., `I\hbox'). Otherwise just continue,
and I'll forget about whatever was undefined.

! You can't use `\relax' after \the.
<recently read> \c@ 
                    
l.73 \end{enumerate}
                    
I'm forgetting what you said and using zero instead.

! Undefined control sequence.
\enit@endenumerate ...t \fi \ifnum \enit@resuming 
                                                  =\thr@@ \enit@setresumekey...
l.73 \end{enumerate}
                    
The control sequence at the end of the top line
of your error message was never \def'ed. If you have
misspelled it (e.g., `\hobx'), type `I' and the correct
spelling (e.g., `I\hbox'). Otherwise just continue,
and I'll forget about whatever was undefined.

! Missing number, treated as zero.
<to be read again> 
                   =
l.73 \end{enumerate}
                    
A number should have been here; I inserted `0'.
(If you can't figure out why I needed to see a number,
look up `weird error' in the index to The TeXbook.)

! Undefined control sequence.
\enit@setresumekeys ...xpandafter {\enit@savekeys 
                                                  }\xdef \enit@afterlist {#2...
l.73 \end{enumerate}
                    
The control sequence at the end of the top line
of your error message was never \def'ed. If you have
misspelled it (e.g., `\hobx'), type `I' and the correct
spelling (e.g., `I\hbox'). Otherwise just continue,
and I'll forget about whatever was undefined.

! Undefined control sequence.
\enit@setresumekeys ...it@toks }\ifnum \enit@type 
                                                  =\z@ #3\def \enit@noexcs {...
l.73 \end{enumerate}
                    
The control sequence at the end of the top line
of your error message was never \def'ed. If you have
misspelled it (e.g., `\hobx'), type `I' and the correct
spelling (e.g., `I\hbox'). Otherwise just continue,
and I'll forget about whatever was undefined.

! Missing number, treated as zero.
<to be read again> 
                   =
l.73 \end{enumerate}
                    
A number should have been here; I inserted `0'.
(If you can't figure out why I needed to see a number,
look up `weird error' in the index to The TeXbook.)

! Undefined control sequence.
\enit@setresumekeys ...me@#1}{\csname c@\@listctr 
                                                  \endcsname \the \csname c@...
l.73 \end{enumerate}
                    
The control sequence at the end of the top line
of your error message was never \def'ed. If you have
misspelled it (e.g., `\hobx'), type `I' and the correct
spelling (e.g., `I\hbox'). Otherwise just continue,
and I'll forget about whatever was undefined.

! Undefined control sequence.
\enit@setresumekeys ...e \the \csname c@\@listctr 
                                                  \endcsname }\fi }
l.73 \end{enumerate}
                    
The control sequence at the end of the top line
of your error message was never \def'ed. If you have
misspelled it (e.g., `\hobx'), type `I' and the correct
spelling (e.g., `I\hbox'). Otherwise just continue,
and I'll forget about whatever was undefined.

! You can't use `\relax' after \the.
<recently read> \c@ 
                    
l.73 \end{enumerate}
                    
I'm forgetting what you said and using zero instead.


! LaTeX Error: \begin{document} ended by \end{enumerate}.

See the LaTeX manual or LaTeX Companion for explanation.
Type  H <return>  for immediate help.
 ...                                              
                                                  
l.73 \end{enumerate}
                    
Your command was ignored.
Type  I <command> <return>  to replace it with another command,
or  <return>  to continue without it.

! Extra \endgroup.
<recently read> \endgroup 
                          
l.73 \end{enumerate}
                    
Things are pretty mixed up, but I think the worst is over.

<fig/uc_all.png, id=56, 412.54124pt x 508.90125pt>
File: fig/uc_all.png Graphic file (type png)
<use fig/uc_all.png>
Package pdftex.def Info: fig/uc_all.png  used on input line 80.
(pdftex.def)             Requested size: 288.7769pt x 356.22844pt.

LaTeX Warning: `!h' float specifier changed to `!ht'.

[11]
<fig/uc_user.png, id=60, 772.8875pt x 375.4025pt>
File: fig/uc_user.png Graphic file (type png)
<use fig/uc_user.png>
Package pdftex.def Info: fig/uc_user.png  used on input line 87.
(pdftex.def)             Requested size: 448.27505pt x 217.7336pt.
 [12 <./fig/uc_all.png> <./fig/uc_user.png>]
<fig/uc_admin.png, id=66, 719.68875pt x 637.38126pt>
File: fig/uc_admin.png Graphic file (type png)
<use fig/uc_admin.png>
Package pdftex.def Info: fig/uc_admin.png  used on input line 94.
(pdftex.def)             Requested size: 431.81659pt x 382.4317pt.
 [13 <./fig/uc_admin.png (PNG copy)>] [14] [15] [16] [17] [18]
<fig/a_login.png, id=86, 619.31375pt x 318.18875pt>
File: fig/a_login.png Graphic file (type png)
<use fig/a_login.png>
Package pdftex.def Info: fig/a_login.png  used on input line 217.
(pdftex.def)             Requested size: 433.51668pt x 222.73059pt.
<fig/a_cart.png, id=87, 688.5725pt x 372.39125pt>
File: fig/a_cart.png Graphic file (type png)
<use fig/a_cart.png>
Package pdftex.def Info: fig/a_cart.png  used on input line 223.
(pdftex.def)             Requested size: 481.99745pt x 260.67209pt.

Overfull \hbox (26.75334pt too wide) in paragraph at lines 223--224
 [][] 
 []

<fig/a_order.png, id=88, 309.155pt x 418.56375pt>
File: fig/a_order.png Graphic file (type png)
<use fig/a_order.png>
Package pdftex.def Info: fig/a_order.png  used on input line 229.
(pdftex.def)             Requested size: 216.40701pt x 292.99261pt.

LaTeX Warning: `!h' float specifier changed to `!ht'.

<fig/s_get_product_info.png, id=89, 933.4875pt x 544.0325pt>
File: fig/s_get_product_info.png Graphic file (type png)
<use fig/s_get_product_info.png>
Package pdftex.def Info: fig/s_get_product_info.png  used on input line 237.
(pdftex.def)             Requested size: 466.74261pt x 272.01558pt.

Overfull \hbox (11.4985pt too wide) in paragraph at lines 237--238
[][] 
 []

[19 <./fig/a_login.png (PNG copy)> <./fig/a_cart.png (PNG copy)>]
<fig/s_update_product_info.png, id=93, 1161.33875pt x 586.19pt>
File: fig/s_update_product_info.png Graphic file (type png)
<use fig/s_update_product_info.png>
Package pdftex.def Info: fig/s_update_product_info.png  used on input line 243.

(pdftex.def)             Requested size: 464.52727pt x 234.47185pt.

Overfull \hbox (9.28316pt too wide) in paragraph at lines 243--244
[][] 
 []

[20 <./fig/a_order.png (PNG copy)> <./fig/s_get_product_info.png>]
<fig/s_add_to_cart.png, id=98, 979.66pt x 541.02126pt>
File: fig/s_add_to_cart.png Graphic file (type png)
<use fig/s_add_to_cart.png>
Package pdftex.def Info: fig/s_add_to_cart.png  used on input line 248.
(pdftex.def)             Requested size: 440.84293pt x 243.4573pt.
 [21 <./fig/s_update_product_info.png> <./fig/s_add_to_cart.png>]
<fig/er.png, id=104, 534.99875pt x 679.53876pt>
File: fig/er.png Graphic file (type png)
<use fig/er.png>
Package pdftex.def Info: fig/er.png  used on input line 256.
(pdftex.def)             Requested size: 321.00172pt x 407.72641pt.
 [22 <./fig/er.png>]
<fig/deploy.png, id=110, 719.68875pt x 182.6825pt>
File: fig/deploy.png Graphic file (type png)
<use fig/deploy.png>
Package pdftex.def Info: fig/deploy.png  used on input line 263.
(pdftex.def)             Requested size: 431.81659pt x 109.61034pt.
<fig/p_home.jpg, id=111, 3677.74pt x 2304.61pt>
File: fig/p_home.jpg Graphic file (type jpg)
<use fig/p_home.jpg>
Package pdftex.def Info: fig/p_home.jpg  used on input line 271.
(pdftex.def)             Requested size: 455.24411pt x 285.2623pt.

[23 <./fig/deploy.png> <./fig/p_home.JPG>]
<fig/p_cart.jpg, id=116, 3597.44pt x 1521.685pt>
File: fig/p_cart.jpg Graphic file (type jpg)
<use fig/p_cart.jpg>
Package pdftex.def Info: fig/p_cart.jpg  used on input line 278.
(pdftex.def)             Requested size: 455.24411pt x 192.55528pt.
<fig/p_dashboard.jpg, id=117, 3155.79pt x 2264.46pt>
File: fig/p_dashboard.jpg Graphic file (type jpg)
<use fig/p_dashboard.jpg>
Package pdftex.def Info: fig/p_dashboard.jpg  used on input line 284.
(pdftex.def)             Requested size: 455.24411pt x 326.66248pt.
) [24 <./fig/p_cart.JPG> <./fig/p_dashboard.JPG>]
\openout2 = `tex/chuong_3.aux'.

 (./tex/chuong_3.tex
Ch\uhorn \ohorn ng 3.
<fig/r_home.png, id=121, 1339.0025pt x 1027.84pt>
File: fig/r_home.png Graphic file (type png)
<use fig/r_home.png>
Package pdftex.def Info: fig/r_home.png  used on input line 7.
(pdftex.def)             Requested size: 361.5355pt x 277.52051pt.
<fig/r_product_details.png, id=122, 1339.0025pt x 734.745pt>
File: fig/r_product_details.png Graphic file (type png)
<use fig/r_product_details.png>
Package pdftex.def Info: fig/r_product_details.png  used on input line 13.
(pdftex.def)             Requested size: 361.5355pt x 198.38379pt.

LaTeX Warning: `!h' float specifier changed to `!ht'.

[25



 <./fig/r_home.png>]
<fig/r_cart.png, id=127, 1339.0025pt x 699.61375pt>
File: fig/r_cart.png Graphic file (type png)
<use fig/r_cart.png>
Package pdftex.def Info: fig/r_cart.png  used on input line 20.
(pdftex.def)             Requested size: 455.24411pt x 237.85484pt.
<fig/r_make_order.png, id=128, 1345.025pt x 655.44875pt>
File: fig/r_make_order.png Graphic file (type png)
<use fig/r_make_order.png>
Package pdftex.def Info: fig/r_make_order.png  used on input line 26.
(pdftex.def)             Requested size: 455.24411pt x 221.84949pt.


LaTeX Warning: `!h' float specifier changed to `!ht'.

[26 <./fig/r_product_details.png> <./fig/r_cart.png>]
<fig/r_user1.png, id=134, 1351.0475pt x 663.47874pt>
File: fig/r_user1.png Graphic file (type png)
<use fig/r_user1.png>
Package pdftex.def Info: fig/r_user1.png  used on input line 33.
(pdftex.def)             Requested size: 455.24411pt x 223.56514pt.
<fig/r_user2.png, id=135, 1351.0475pt x 663.47874pt>
File: fig/r_user2.png Graphic file (type png)
<use fig/r_user2.png>
Package pdftex.def Info: fig/r_user2.png  used on input line 39.
(pdftex.def)             Requested size: 455.24411pt x 223.56514pt.


LaTeX Warning: `!h' float specifier changed to `!ht'.

[27 <./fig/r_make_order.png> <./fig/r_user1.png>]
<fig/r_manage_statistics.png, id=141, 1357.07pt x 641.39626pt>
File: fig/r_manage_statistics.png Graphic file (type png)
<use fig/r_manage_statistics.png>
Package pdftex.def Info: fig/r_manage_statistics.png  used on input line 46.
(pdftex.def)             Requested size: 455.24411pt x 215.15533pt.
<fig/r_manage_product.png, id=142, 1357.07pt x 641.39626pt>
File: fig/r_manage_product.png Graphic file (type png)
<use fig/r_manage_product.png>
Package pdftex.def Info: fig/r_manage_product.png  used on input line 52.
(pdftex.def)             Requested size: 455.24411pt x 215.15533pt.


LaTeX Warning: `!h' float specifier changed to `!ht'.

[28 <./fig/r_user2.png> <./fig/r_manage_statistics.png>]
<fig/r_manage_product_add_product.png, id=149, 1345.025pt x 643.40375pt>
File: fig/r_manage_product_add_product.png Graphic file (type png)
<use fig/r_manage_product_add_product.png>
Package pdftex.def Info: fig/r_manage_product_add_product.png  used on input li
ne 59.
(pdftex.def)             Requested size: 455.24411pt x 217.77263pt.
<fig/r_manage_product_update_product.png, id=150, 1345.025pt x 643.40375pt>
File: fig/r_manage_product_update_product.png Graphic file (type png)
<use fig/r_manage_product_update_product.png>
Package pdftex.def Info: fig/r_manage_product_update_product.png  used on input
 line 65.
(pdftex.def)             Requested size: 455.24411pt x 217.77263pt.


LaTeX Warning: `!h' float specifier changed to `!ht'.

[29 <./fig/r_manage_product.png> <./fig/r_manage_product_add_product.png>]
<fig/r_order.png, id=156, 1345.025pt x 724.7075pt>
File: fig/r_order.png Graphic file (type png)
<use fig/r_order.png>
Package pdftex.def Info: fig/r_order.png  used on input line 72.
(pdftex.def)             Requested size: 455.24411pt x 245.29147pt.

[30 <./fig/r_manage_product_update_product.png> <./fig/r_order.png>])

! LaTeX Error: \begin{enumerate} on input line 267 ended by \end{document}.

See the LaTeX manual or LaTeX Companion for explanation.
Type  H <return>  for immediate help.
 ...                                              
                                                  
l.49 \end{document}
                   
Your command was ignored.
Type  I <command> <return>  to replace it with another command,
or  <return>  to continue without it.

(./main.aux (./tex/loi_mo_dau.aux) (./tex/chuong_1.aux) (./tex/chuong_2.aux)
(./tex/chuong_3.aux)) )
(\end occurred inside a group at level 1)

### semi simple group (level 1) entered at line 267 (\begingroup)
### bottom level 
Here is how much of TeX's memory you used:
 18498 strings out of 492616
 338825 string characters out of 6135178
 691738 words of memory out of 5000000
 22005 multiletter control sequences out of 15000+600000
 28258 words of font info for 32 fonts, out of 8000000 for 9000
 1141 hyphenation exceptions out of 8191
 55i,13n,57p,906b,3006s stack positions out of 5000i,500n,10000p,200000b,80000s
{/usr/share/texmf-dist/fonts/enc/dvips/vntex/t5.enc}</usr/share
/texmf-dist/fonts/type1/public/amsfonts/cm/cmsy10.pfb></usr/share/texmf-dist/fo
nts/type1/vntex/urwvn/ucrb8v.pfb></usr/share/texmf-dist/fonts/type1/vntex/urwvn
/ucrr8v.pfb></usr/share/texmf-dist/fonts/type1/vntex/urwvn/ucrro8v.pfb></usr/sh
are/texmf-dist/fonts/type1/vntex/urwvn/utmb8v.pfb></usr/share/texmf-dist/fonts/
type1/vntex/urwvn/utmr8v.pfb>
Output written on main.pdf (33 pages, 6864040 bytes).
PDF statistics:
 184 PDF objects out of 1000 (max. 8388607)
 97 compressed objects within 1 object stream
 0 named destinations out of 1000 (max. 500000)
 143 words of extra memory for PDF output out of 10000 (max. 10000000)

